<?xml version="1.0" encoding="UTF-8"?>
<testsuite xmlns:xsi="http://www.w3.org/2001/XMLSchema-instance" xsi:noNamespaceSchemaLocation="https://maven.apache.org/surefire/maven-surefire-plugin/xsd/surefire-test-report.xsd" name="com.waves.crm.uuid.UUIDTest" time="0.276" tests="1" errors="0" skipped="0" failures="0">
  <properties>
    <property name="sun.desktop" value="windows"/>
    <property name="awt.toolkit" value="sun.awt.windows.WToolkit"/>
    <property name="java.specification.version" value="11"/>
    <property name="sun.cpu.isalist" value="amd64"/>
    <property name="sun.jnu.encoding" value="GBK"/>
    <property name="java.class.path" value="D:\ssm_workspace\crm\target\test-classes;D:\ssm_workspace\crm\target\classes;C:\Users\waves\.m2\repository\junit\junit\4.11\junit-4.11.jar;C:\Users\waves\.m2\repository\org\hamcrest\hamcrest-core\1.3\hamcrest-core-1.3.jar;C:\Users\waves\.m2\repository\mysql\mysql-connector-java\5.1.43\mysql-connector-java-5.1.43.jar;C:\Users\waves\.m2\repository\com\alibaba\druid\1.1.1\druid-1.1.1.jar;C:\Users\waves\.m2\repository\org\mybatis\mybatis\3.4.1\mybatis-3.4.1.jar;C:\Users\waves\.m2\repository\org\springframework\spring-context\4.3.9.RELEASE\spring-context-4.3.9.RELEASE.jar;C:\Users\waves\.m2\repository\org\springframework\spring-expression\4.3.9.RELEASE\spring-expression-4.3.9.RELEASE.jar;C:\Users\waves\.m2\repository\org\springframework\spring-aop\4.3.9.RELEASE\spring-aop-4.3.9.RELEASE.jar;C:\Users\waves\.m2\repository\org\springframework\spring-core\4.3.9.RELEASE\spring-core-4.3.9.RELEASE.jar;C:\Users\waves\.m2\repository\commons-logging\commons-logging\1.2\commons-logging-1.2.jar;C:\Users\waves\.m2\repository\org\springframework\spring-beans\4.3.9.RELEASE\spring-beans-4.3.9.RELEASE.jar;C:\Users\waves\.m2\repository\org\springframework\spring-jdbc\4.3.9.RELEASE\spring-jdbc-4.3.9.RELEASE.jar;C:\Users\waves\.m2\repository\org\springframework\spring-tx\4.3.9.RELEASE\spring-tx-4.3.9.RELEASE.jar;C:\Users\waves\.m2\repository\org\springframework\spring-web\4.3.9.RELEASE\spring-web-4.3.9.RELEASE.jar;C:\Users\waves\.m2\repository\org\springframework\spring-webmvc\4.3.9.RELEASE\spring-webmvc-4.3.9.RELEASE.jar;C:\Users\waves\.m2\repository\org\springframework\spring-oxm\4.3.9.RELEASE\spring-oxm-4.3.9.RELEASE.jar;C:\Users\waves\.m2\repository\org\aspectj\aspectjweaver\1.8.9\aspectjweaver-1.8.9.jar;C:\Users\waves\.m2\repository\org\mybatis\mybatis-spring\1.3.0\mybatis-spring-1.3.0.jar;C:\Users\waves\.m2\repository\javax\servlet\javax.servlet-api\3.1.0\javax.servlet-api-3.1.0.jar;C:\Users\waves\.m2\repository\javax\servlet\jsp\jstl\jstl-api\1.2\jstl-api-1.2.jar;C:\Users\waves\.m2\repository\javax\servlet\servlet-api\2.5\servlet-api-2.5.jar;C:\Users\waves\.m2\repository\javax\servlet\jsp\jsp-api\2.1\jsp-api-2.1.jar;C:\Users\waves\.m2\repository\org\apache\taglibs\taglibs-standard-spec\1.2.1\taglibs-standard-spec-1.2.1.jar;C:\Users\waves\.m2\repository\org\apache\taglibs\taglibs-standard-impl\1.2.1\taglibs-standard-impl-1.2.1.jar;C:\Users\waves\.m2\repository\com\fasterxml\jackson\core\jackson-core\2.7.3\jackson-core-2.7.3.jar;C:\Users\waves\.m2\repository\com\fasterxml\jackson\core\jackson-databind\2.7.3\jackson-databind-2.7.3.jar;C:\Users\waves\.m2\repository\com\fasterxml\jackson\core\jackson-annotations\2.7.3\jackson-annotations-2.7.3.jar;C:\Users\waves\.m2\repository\org\apache\poi\poi\3.15\poi-3.15.jar;C:\Users\waves\.m2\repository\commons-codec\commons-codec\1.10\commons-codec-1.10.jar;C:\Users\waves\.m2\repository\org\apache\commons\commons-collections4\4.1\commons-collections4-4.1.jar;C:\Users\waves\.m2\repository\commons-fileupload\commons-fileupload\1.3.1\commons-fileupload-1.3.1.jar;C:\Users\waves\.m2\repository\commons-io\commons-io\2.2\commons-io-2.2.jar;C:\Users\waves\.m2\repository\org\apache\logging\log4j\log4j-api\2.3\log4j-api-2.3.jar;C:\Users\waves\.m2\repository\org\apache\logging\log4j\log4j-core\2.3\log4j-core-2.3.jar;"/>
    <property name="java.vm.vendor" value="Oracle Corporation"/>
    <property name="sun.arch.data.model" value="64"/>
    <property name="user.variant" value=""/>
    <property name="java.vendor.url" value="http://java.oracle.com/"/>
    <property name="user.timezone" value="GMT+08:00"/>
    <property name="java.vm.specification.version" value="11"/>
    <property name="os.name" value="Windows 10"/>
    <property name="sun.java.launcher" value="SUN_STANDARD"/>
    <property name="user.country" value="CN"/>
    <property name="sun.boot.library.path" value="H:\develop\Java\jdk-11\bin"/>
    <property name="sun.java.command" value="C:\Users\waves\AppData\Local\Temp\surefire11131267041916804844\surefirebooter3746618584735927781.jar C:\Users\waves\AppData\Local\Temp\surefire11131267041916804844 2022-07-31T14-33-03_121-jvmRun1 surefire662503457712363521tmp surefire_04079778419296214995tmp"/>
    <property name="jdk.debug" value="release"/>
    <property name="surefire.test.class.path" value="D:\ssm_workspace\crm\target\test-classes;D:\ssm_workspace\crm\target\classes;C:\Users\waves\.m2\repository\junit\junit\4.11\junit-4.11.jar;C:\Users\waves\.m2\repository\org\hamcrest\hamcrest-core\1.3\hamcrest-core-1.3.jar;C:\Users\waves\.m2\repository\mysql\mysql-connector-java\5.1.43\mysql-connector-java-5.1.43.jar;C:\Users\waves\.m2\repository\com\alibaba\druid\1.1.1\druid-1.1.1.jar;C:\Users\waves\.m2\repository\org\mybatis\mybatis\3.4.1\mybatis-3.4.1.jar;C:\Users\waves\.m2\repository\org\springframework\spring-context\4.3.9.RELEASE\spring-context-4.3.9.RELEASE.jar;C:\Users\waves\.m2\repository\org\springframework\spring-expression\4.3.9.RELEASE\spring-expression-4.3.9.RELEASE.jar;C:\Users\waves\.m2\repository\org\springframework\spring-aop\4.3.9.RELEASE\spring-aop-4.3.9.RELEASE.jar;C:\Users\waves\.m2\repository\org\springframework\spring-core\4.3.9.RELEASE\spring-core-4.3.9.RELEASE.jar;C:\Users\waves\.m2\repository\commons-logging\commons-logging\1.2\commons-logging-1.2.jar;C:\Users\waves\.m2\repository\org\springframework\spring-beans\4.3.9.RELEASE\spring-beans-4.3.9.RELEASE.jar;C:\Users\waves\.m2\repository\org\springframework\spring-jdbc\4.3.9.RELEASE\spring-jdbc-4.3.9.RELEASE.jar;C:\Users\waves\.m2\repository\org\springframework\spring-tx\4.3.9.RELEASE\spring-tx-4.3.9.RELEASE.jar;C:\Users\waves\.m2\repository\org\springframework\spring-web\4.3.9.RELEASE\spring-web-4.3.9.RELEASE.jar;C:\Users\waves\.m2\repository\org\springframework\spring-webmvc\4.3.9.RELEASE\spring-webmvc-4.3.9.RELEASE.jar;C:\Users\waves\.m2\repository\org\springframework\spring-oxm\4.3.9.RELEASE\spring-oxm-4.3.9.RELEASE.jar;C:\Users\waves\.m2\repository\org\aspectj\aspectjweaver\1.8.9\aspectjweaver-1.8.9.jar;C:\Users\waves\.m2\repository\org\mybatis\mybatis-spring\1.3.0\mybatis-spring-1.3.0.jar;C:\Users\waves\.m2\repository\javax\servlet\javax.servlet-api\3.1.0\javax.servlet-api-3.1.0.jar;C:\Users\waves\.m2\repository\javax\servlet\jsp\jstl\jstl-api\1.2\jstl-api-1.2.jar;C:\Users\waves\.m2\repository\javax\servlet\servlet-api\2.5\servlet-api-2.5.jar;C:\Users\waves\.m2\repository\javax\servlet\jsp\jsp-api\2.1\jsp-api-2.1.jar;C:\Users\waves\.m2\repository\org\apache\taglibs\taglibs-standard-spec\1.2.1\taglibs-standard-spec-1.2.1.jar;C:\Users\waves\.m2\repository\org\apache\taglibs\taglibs-standard-impl\1.2.1\taglibs-standard-impl-1.2.1.jar;C:\Users\waves\.m2\repository\com\fasterxml\jackson\core\jackson-core\2.7.3\jackson-core-2.7.3.jar;C:\Users\waves\.m2\repository\com\fasterxml\jackson\core\jackson-databind\2.7.3\jackson-databind-2.7.3.jar;C:\Users\waves\.m2\repository\com\fasterxml\jackson\core\jackson-annotations\2.7.3\jackson-annotations-2.7.3.jar;C:\Users\waves\.m2\repository\org\apache\poi\poi\3.15\poi-3.15.jar;C:\Users\waves\.m2\repository\commons-codec\commons-codec\1.10\commons-codec-1.10.jar;C:\Users\waves\.m2\repository\org\apache\commons\commons-collections4\4.1\commons-collections4-4.1.jar;C:\Users\waves\.m2\repository\commons-fileupload\commons-fileupload\1.3.1\commons-fileupload-1.3.1.jar;C:\Users\waves\.m2\repository\commons-io\commons-io\2.2\commons-io-2.2.jar;C:\Users\waves\.m2\repository\org\apache\logging\log4j\log4j-api\2.3\log4j-api-2.3.jar;C:\Users\waves\.m2\repository\org\apache\logging\log4j\log4j-core\2.3\log4j-core-2.3.jar;"/>
    <property name="sun.cpu.endian" value="little"/>
    <property name="user.home" value="C:\Users\waves"/>
    <property name="user.language" value="zh"/>
    <property name="java.specification.vendor" value="Oracle Corporation"/>
    <property name="java.version.date" value="2018-09-25"/>
    <property name="java.home" value="H:\develop\Java\jdk-11"/>
    <property name="file.separator" value="\"/>
    <property name="basedir" value="D:\ssm_workspace\crm"/>
    <property name="java.vm.compressedOopsMode" value="Zero based"/>
    <property name="line.separator" value="&#10;"/>
    <property name="java.specification.name" value="Java Platform API Specification"/>
    <property name="java.vm.specification.vendor" value="Oracle Corporation"/>
    <property name="java.awt.graphicsenv" value="sun.awt.Win32GraphicsEnvironment"/>
    <property name="surefire.real.class.path" value="C:\Users\waves\AppData\Local\Temp\surefire11131267041916804844\surefirebooter3746618584735927781.jar"/>
    <property name="user.script" value=""/>
    <property name="sun.management.compiler" value="HotSpot 64-Bit Tiered Compilers"/>
    <property name="java.runtime.version" value="11+28"/>
    <property name="user.name" value="86187"/>
    <property name="path.separator" value=";"/>
    <property name="os.version" value="10.0"/>
    <property name="java.runtime.name" value="Java(TM) SE Runtime Environment"/>
    <property name="file.encoding" value="GBK"/>
    <property name="java.vm.name" value="Java HotSpot(TM) 64-Bit Server VM"/>
    <property name="java.vendor.version" value="18.9"/>
    <property name="localRepository" value="C:\Users\waves\.m2\repository"/>
    <property name="java.vendor.url.bug" value="http://bugreport.java.com/bugreport/"/>
    <property name="java.io.tmpdir" value="C:\Users\waves\AppData\Local\Temp\"/>
    <property name="idea.version" value="2022.2"/>
    <property name="java.version" value="11"/>
    <property name="user.dir" value="D:\ssm_workspace\crm"/>
    <property name="os.arch" value="amd64"/>
    <property name="java.vm.specification.name" value="Java Virtual Machine Specification"/>
    <property name="java.awt.printerjob" value="sun.awt.windows.WPrinterJob"/>
    <property name="sun.os.patch.level" value=""/>
    <property name="java.library.path" value="H:\develop\Java\jdk-11\bin;C:\WINDOWS\Sun\Java\bin;C:\WINDOWS\system32;C:\WINDOWS;H:\develop\VMware\VMware Workstation\bin\;H:\develop\Java\jdk-11\bin;C:\windows\system32;C:\windows;C:\windows\System32\Wbem;C:\windows\System32\WindowsPowerShell\v1.0\;C:\windows\System32\OpenSSH\;C:\Program Files (x86)\NVIDIA Corporation\PhysX\Common;C:\Program Files\NVIDIA Corporation\NVIDIA NvDLISR;H:\develop\Android\Sdk\platform-tools;H:\develop\Git\cmd;H:\develop\Android\Sdk\platform-tools;C:\Program Files (x86)\MySQL\MySQL Server 5.5\bin;C:\WINDOWS\system32;C:\WINDOWS;C:\WINDOWS\System32\Wbem;C:\WINDOWS\System32\WindowsPowerShell\v1.0\;C:\WINDOWS\System32\OpenSSH\;H:\develop\WebServer\apache-tomcat-9.0.45\bin;H:\develop\apache-maven-3.6.1\bin;D:\QuickTime\QTSystem\;C:\Users\waves\AppData\Local\Programs\Python\Python38\Scripts\;C:\Users\waves\AppData\Local\Programs\Python\Python38\;C:\Users\waves\AppData\Local\Microsoft\WindowsApps;H:\Bandizip\;%DevEco Studio%;H:\develop\Microsoft VS Code\bin;H:\develop\JetBrains(PS)\PhpStorm 2020.3.1\bin;;;."/>
    <property name="java.vendor" value="Oracle Corporation"/>
    <property name="java.vm.info" value="mixed mode"/>
    <property name="java.vm.version" value="11+28"/>
    <property name="sun.io.unicode.encoding" value="UnicodeLittle"/>
    <property name="java.class.version" value="55.0"/>
  </properties>
  <testcase name="test01" classname="com.waves.crm.uuid.UUIDTest" time="0.259"/>
</testsuite>